Removed Pin From Net: NetName=GND Pin=IC1-25
Removed Pin From Net: NetName=GND Pin=J9-6
Removed Pin From Net: NetName=GND Pin=J9-6
Added Component: Designator=DC-DC2(VQFN-15, 2.5x3MM, NOMINAL)
Add component. Clean all parameters for all variants
Add component (AddParameter): Name = "ComponentLink1Description"; Value = "Datasheet"; VariantName = "[No Variations]"
Add component (AddParameter): Name = "ComponentLink1URL"; Value = "http://www.ti.com/lit/ds/symlink/tps63070.pdf"; VariantName = "[No Variations]"
Add component (AddParameter): Name = "Supplier 1"; Value = "Farnell"; VariantName = "[No Variations]"
Add component (AddParameter): Name = "Supplier Part Number 1"; Value = "3008245"; VariantName = "[No Variations]"
Added Pin To Net: NetName=GND Pin=DC-DC2-1
Added Pin To Net: NetName=NetC35_2 Pin=DC-DC2-3
Added Pin To Net: NetName=GND Pin=DC-DC2-4
Added Pin To Net: NetName=5V Pin=DC-DC2-5
Added Pin To Net: NetName=GND Pin=DC-DC2-6
Added Pin To Net: NetName=5V Pin=DC-DC2-7
Added Pin To Net: NetName=5V Pin=DC-DC2-8
Added Pin To Net: NetName=NetDC-DC2_9 Pin=DC-DC2-9
Added Pin To Net: NetName=GND Pin=DC-DC2-10
Added Pin To Net: NetName=NetDC-DC2_11 Pin=DC-DC2-11
Added Pin To Net: NetName=Vcc Pin=DC-DC2-12
Added Pin To Net: NetName=Vcc Pin=DC-DC2-13
Added Pin To Net: NetName=NetDC-DC2_14 Pin=DC-DC2-14
Added Pin To Net: NetName=GND Pin=DC-DC2-15
