Removed Pin From Net: NetName=NetC22_2 Pin=Sonar-2
Added Component: Designator=D18(SOD923F, NOMINAL)
Add component. Clean all parameters for all variants
Add component (AddParameter): Name = "Breakdown Voltage"; Value = "4.8V"; VariantName = "[No Variations]"
Add component (AddParameter): Name = "Case/Package"; Value = "SOD-923-2"; VariantName = "[No Variations]"
Add component (AddParameter): Name = "Clamping Voltage"; Value = "9V"; VariantName = "[No Variations]"
Add component (AddParameter): Name = "ComponentLink1Description"; Value = "Datasheet"; VariantName = "[No Variations]"
Add component (AddParameter): Name = "ComponentLink1URL"; Value = "https://www.verical.com/server-webapp/html/getDatasheet?partID=148186&src-supplier=Verical"; VariantName = "[No Variations]"
Add component (AddParameter): Name = "Leakage Current"; Value = "1uA"; VariantName = "[No Variations]"
Add component (AddParameter): Name = "Manufacturer"; Value = "ON Semiconductor"; VariantName = "[No Variations]"
Add component (AddParameter): Name = "Manufacturer Part Number"; Value = "ESD9L3.3ST5G"; VariantName = "[No Variations]"
Add component (AddParameter): Name = "Operating Temperature Range"; Value = "-55 .. 125°C"; VariantName = "[No Variations]"
Add component (AddParameter): Name = "Peak Pulse Current"; Value = "1A"; VariantName = "[No Variations]"
Add component (AddParameter): Name = "Peak Pulse Power"; Value = "150mW"; VariantName = "[No Variations]"
Add component (AddParameter): Name = "Reverse Standoff Voltage"; Value = "3.3V"; VariantName = "[No Variations]"
Add component (AddParameter): Name = "Supplier 1"; Value = "Farnell"; VariantName = "[No Variations]"
Add component (AddParameter): Name = "Supplier Part Number 1"; Value = "2533269"; VariantName = "[No Variations]"
Added Component: Designator=D19(SOD923F, NOMINAL)
Add component. Clean all parameters for all variants
Add component (AddParameter): Name = "Breakdown Voltage"; Value = "4.8V"; VariantName = "[No Variations]"
Add component (AddParameter): Name = "Case/Package"; Value = "SOD-923-2"; VariantName = "[No Variations]"
Add component (AddParameter): Name = "Clamping Voltage"; Value = "9V"; VariantName = "[No Variations]"
Add component (AddParameter): Name = "ComponentLink1Description"; Value = "Datasheet"; VariantName = "[No Variations]"
Add component (AddParameter): Name = "ComponentLink1URL"; Value = "https://www.verical.com/server-webapp/html/getDatasheet?partID=148186&src-supplier=Verical"; VariantName = "[No Variations]"
Add component (AddParameter): Name = "Leakage Current"; Value = "1uA"; VariantName = "[No Variations]"
Add component (AddParameter): Name = "Manufacturer"; Value = "ON Semiconductor"; VariantName = "[No Variations]"
Add component (AddParameter): Name = "Manufacturer Part Number"; Value = "ESD9L3.3ST5G"; VariantName = "[No Variations]"
Add component (AddParameter): Name = "Operating Temperature Range"; Value = "-55 .. 125°C"; VariantName = "[No Variations]"
Add component (AddParameter): Name = "Peak Pulse Current"; Value = "1A"; VariantName = "[No Variations]"
Add component (AddParameter): Name = "Peak Pulse Power"; Value = "150mW"; VariantName = "[No Variations]"
Add component (AddParameter): Name = "Reverse Standoff Voltage"; Value = "3.3V"; VariantName = "[No Variations]"
Add component (AddParameter): Name = "Supplier 1"; Value = "Farnell"; VariantName = "[No Variations]"
Add component (AddParameter): Name = "Supplier Part Number 1"; Value = "2533269"; VariantName = "[No Variations]"
Added Component: Designator=R20(R0603)
Add component. Clean all parameters for all variants
Add component (AddParameter): Name = "Manufacturer"; Value = ""; VariantName = "[No Variations]"
Add component (AddParameter): Name = "Note"; Value = "CurrentFootprint"; VariantName = "[No Variations]"
Add component (AddParameter): Name = "Power rating"; Value = "*mW"; VariantName = "[No Variations]"
Add component (AddParameter): Name = "Precision"; Value = "*%"; VariantName = "[No Variations]"
Add component (AddParameter): Name = "Resistance"; Value = "1K TBD"; VariantName = "[No Variations]"
Add component (AddParameter): Name = "Temp coefficient"; Value = "*ppm"; VariantName = "[No Variations]"
Add component (AddParameter): Name = "Voltage rating"; Value = "*V"; VariantName = "[No Variations]"
Added Pin To Net: NetName=GND Pin=D18-A
Added Pin To Net: NetName=3V3 Pin=D18-C
Added Pin To Net: NetName=GND Pin=D19-A
Added Pin To Net: NetName=NetC22_2 Pin=R20-2
Added Pin To Net: NetName=NetD19_C Pin=D19-C
Added Pin To Net: NetName=NetD19_C Pin=Sonar-2
Added Pin To Net: NetName=NetD19_C Pin=R20-1
Added Net: Name=NetD19_C
